\BOOKMARK [0][-]{chapter*.1}{\376\377\000N\000o\000t\000i\000o\000n\000\040\000d\000e\000\040\000d\000i\000s\000t\000r\000i\000b\000u\000t\000i\000o\000n}{}% 1
\BOOKMARK [1][-]{section*.2}{\376\377\000C\000o\000n\000t\000e\000x\000t\000e}{chapter*.1}% 2
\BOOKMARK [1][-]{section.0.1}{\376\377\000L\040\031\000e\000s\000p\000a\000c\000e\000\040\000d\000e\000s\000\040\000f\000o\000n\000c\000t\000i\000o\000n\000s\000\040\000t\000e\000s\000t}{chapter*.1}% 3
\BOOKMARK [1][-]{section.0.2}{\376\377\000D\000\351\000f\000i\000n\000i\000t\000i\000o\000n\000\040\000d\040\031\000u\000n\000e\000\040\000d\000i\000s\000t\000r\000i\000b\000u\000t\000i\000o\000n}{chapter*.1}% 4
\BOOKMARK [1][-]{section.0.3}{\376\377\000L\000e\000s\000\040\000e\000x\000e\000m\000p\000l\000e\000s\000\040\000f\000o\000n\000d\000a\000m\000e\000n\000t\000a\000u\000x}{chapter*.1}% 5
\BOOKMARK [0][-]{chapter*.3}{\376\377\000C\000o\000n\000v\000e\000r\000g\000e\000n\000c\000e\000\040\000d\000a\000n\000s\000\040\000D\000'\000\050\000\051}{}% 6
\BOOKMARK [1][-]{section.0.4}{\376\377\000D\000\351\000f\000i\000n\000i\000t\000i\000o\000n}{chapter*.3}% 7
\BOOKMARK [1][-]{section.0.5}{\376\377\000L\000e\000\040\000D\000i\000r\000a\000c\000\040\000c\000o\000m\000m\000e\000\040\000l\000i\000m\000i\000t\000e\000\040\000d\000e\000\040\000d\000i\000s\000t\000r\000i\000b\000u\000t\000i\000o\000n\000s}{chapter*.3}% 8
\BOOKMARK [1][-]{section.0.6}{\376\377\000S\000t\000a\000b\000i\000l\000i\000t\000\351\000\040\000d\000e\000\040\000l\000a\000\040\000l\000i\000m\000i\000t\000e}{chapter*.3}% 9
\BOOKMARK [0][-]{chapter.1}{\376\377\000D\000\351\000r\000i\000v\000a\000t\000i\000o\000n\000\040\000d\000e\000s\000\040\000d\000i\000s\000t\000r\000i\000b\000u\000t\000i\000o\000n\000s}{}% 10
\BOOKMARK [1][-]{section.1.1}{\376\377\000M\000o\000t\000i\000v\000a\000t\000i\000o\000n\000\040\040\024\000\040\000l\000e\000\040\000p\000a\000r\000a\000d\000i\000g\000m\000e\000\040\000d\000e\000\040\000S\000c\000h\000w\000a\000r\000t\000z}{chapter.1}% 11
\BOOKMARK [1][-]{section.1.2}{\376\377\000D\000\351\000f\000i\000n\000i\000t\000i\000o\000n\000\040\000d\000e\000\040\000l\000a\000\040\000d\000\351\000r\000i\000v\000\351\000e}{chapter.1}% 12
\BOOKMARK [1][-]{section.1.3}{\376\377\000T\000o\000u\000t\000e\000\040\000d\000i\000s\000t\000r\000i\000b\000u\000t\000i\000o\000n\000\040\000e\000s\000t\000\040\000i\000n\000d\000\351\000f\000i\000n\000i\000m\000e\000n\000t\000\040\000d\000\351\000r\000i\000v\000a\000b\000l\000e}{chapter.1}% 13
\BOOKMARK [1][-]{section.1.4}{\376\377\000P\000r\000o\000p\000r\000i\000\351\000t\000\351\000s\000\040\000a\000l\000g\000\351\000b\000r\000i\000q\000u\000e\000s\000\040\000e\000t\000\040\000t\000o\000p\000o\000l\000o\000g\000i\000q\000u\000e\000s}{chapter.1}% 14
\BOOKMARK [1][-]{section.1.5}{\376\377\000M\000u\000l\000t\000i\000p\000l\000i\000c\000a\000t\000i\000o\000n\000\040\000d\000'\000u\000n\000e\000\040\000d\000i\000s\000t\000r\000i\000b\000u\000t\000i\000o\000n\000\040\000p\000a\000r\000\040\000u\000n\000e\000\040\000f\000o\000n\000c\000t\000i\000o\000n\000\040\000C\000-\000i\000n\000f\000i\000n\000i}{chapter.1}% 15
\BOOKMARK [1][-]{section.1.6}{\376\377\000E\000x\000e\000m\000p\000l\000e\000s\000\040\000f\000o\000n\000d\000a\000m\000e\000n\000t\000a\000u\000x\000\040\000d\000e\000\040\000d\000\351\000r\000i\000v\000a\000t\000i\000o\000n}{chapter.1}% 16
\BOOKMARK [2][-]{subsection.1.6.1}{\376\377\000D\000\351\000r\000i\000v\000\351\000e\000\040\000d\000e\000\040\000l\000a\000\040\000f\000o\000n\000c\000t\000i\000o\000n\000\040\000d\000e\000\040\000H\000e\000a\000v\000i\000s\000i\000d\000e}{section.1.6}% 17
\BOOKMARK [2][-]{subsection.1.6.2}{\376\377\000D\000\351\000r\000i\000v\000\351\000e\000\040\000d\000e\000\040\000l\000a\000\040\000v\000a\000l\000e\000u\000r\000\040\000a\000b\000s\000o\000l\000u\000e}{section.1.6}% 18
\BOOKMARK [2][-]{subsection.1.6.3}{\376\377\000D\000\351\000r\000i\000v\000\351\000e\000s\000\040\000s\000u\000c\000c\000e\000s\000s\000i\000v\000e\000s\000\040\000d\000e\000\040\000|\000x\000|}{section.1.6}% 19
\BOOKMARK [2][-]{subsection.1.6.4}{\376\377\000D\000\351\000r\000i\000v\000\351\000e\000s\000\040\000s\000u\000c\000c\000e\000s\000s\000i\000v\000e\000s\000\040\000d\000e\000\040\000x\000n\000\040\000H\000\050\000x\000\051}{section.1.6}% 20
\BOOKMARK [2][-]{subsection.1.6.5}{\376\377\000D\000\351\000r\000i\000v\000\351\000e\000\040\000d\000e\000\040\000l\000n\000|\000x\000|}{section.1.6}% 21
\BOOKMARK [2][-]{subsection.1.6.6}{\376\377\000D\000\351\000r\000i\000v\000\351\000e\000\040\000d\000e\000\040\000l\000a\000\040\000p\000a\000r\000t\000i\000e\000\040\000e\000n\000t\000i\000\350\000r\000e\000\040\000[\000x\000]}{section.1.6}% 22
\BOOKMARK [1][-]{section.1.7}{\376\377\000F\000o\000r\000m\000u\000l\000e\000\040\000d\000e\000s\000\040\000s\000a\000u\000t\000s\000\040\040\024\000\040\000f\000o\000n\000c\000t\000i\000o\000n\000s\000\040\000C\000-\000i\000n\000f\000i\000n\000i\000\040\000p\000a\000r\000\040\000m\000o\000r\000c\000e\000a\000u\000x}{chapter.1}% 23
\BOOKMARK [1][-]{section.1.8}{\376\377\000D\000\351\000r\000i\000v\000\351\000e\000\040\000d\000e\000\040\000l\000a\000\040\000d\000i\000s\000t\000r\000i\000b\000u\000t\000i\000o\000n\000\040\000d\000e\000\040\000D\000i\000r\000a\000c\000\040\000e\000t\000\040\000d\000e\000\040\000s\000e\000s\000\040\000i\000t\000\351\000r\000\351\000e\000s}{chapter.1}% 24
\BOOKMARK [1][-]{section.1.9}{\376\377\000A\000n\000n\000u\000l\000a\000t\000e\000u\000r\000s\000\040\000d\000e\000\040\000l\000a\000\040\000d\000\351\000r\000i\000v\000a\000t\000i\000o\000n\000\040\040\024\000\040\000n\000o\000y\000a\000u\000\040\000d\000e\000\040\000T\000\040\000x\000T}{chapter.1}% 25
\BOOKMARK [1][-]{section.1.10}{\376\377\000F\000o\000r\000m\000u\000l\000e\000\040\000d\000e\000s\000\040\000d\000i\000s\000t\000r\000i\000b\000u\000t\000i\000o\000n\000s\000\040\000\040\000e\000n\000\040\000d\000i\000m\000e\000n\000s\000i\000o\000n\000\040\000n}{chapter.1}% 26
\BOOKMARK [1][-]{section.1.11}{\376\377\000Q\000C\000M\000\040\040\024\000\040\000D\000\351\000r\000i\000v\000a\000t\000i\000o\000n\000\040\000d\000e\000s\000\040\000d\000i\000s\000t\000r\000i\000b\000u\000t\000i\000o\000n\000s}{chapter.1}% 27
\BOOKMARK [1][-]{section.1.12}{\376\377\000E\000x\000e\000r\000c\000i\000c\000e\000s\000\040\000c\000o\000r\000r\000i\000g\000\351\000s\000\040\040\024\000\040\000D\000\351\000r\000i\000v\000a\000t\000i\000o\000n}{chapter.1}% 28
\BOOKMARK [0][-]{chapter.2}{\376\377\000P\000r\000i\000m\000i\000t\000i\000v\000e\000s\000\040\000d\000e\000s\000\040\000d\000i\000s\000t\000r\000i\000b\000u\000t\000i\000o\000n\000s\000\040\000e\000n\000\040\000d\000i\000m\000e\000n\000s\000i\000o\000n\000\040\0001}{}% 29
\BOOKMARK [1][-]{section.2.1}{\376\377\000D\000\351\000f\000i\000n\000i\000t\000i\000o\000n\000\040\000e\000t\000\040\000p\000r\000e\000m\000i\000\350\000r\000e\000s\000\040\000r\000e\000m\000a\000r\000q\000u\000e\000s}{chapter.2}% 30
\BOOKMARK [1][-]{section.2.2}{\376\377\000L\000e\000\040\000n\000o\000y\000a\000u\000\040\000d\000e\000\040\000l\000a\000\040\000d\000\351\000r\000i\000v\000a\000t\000i\000o\000n\000\040\000:\000\040\000d\000i\000s\000t\000r\000i\000b\000u\000t\000i\000o\000n\000s\000\040\000d\000e\000\040\000d\000\351\000r\000i\000v\000\351\000e\000\040\000n\000u\000l\000l\000e}{chapter.2}% 31
\BOOKMARK [1][-]{section.2.3}{\376\377\000E\000x\000i\000s\000t\000e\000n\000c\000e\000\040\000e\000t\000\040\000u\000n\000i\000c\000i\000t\000\351\000\040\000d\000'\000u\000n\000e\000\040\000p\000r\000i\000m\000i\000t\000i\000v\000e}{chapter.2}% 32
\BOOKMARK [1][-]{section.2.4}{\376\377\000P\000r\000i\000m\000i\000t\000i\000v\000e\000s\000\040\000d\000e\000s\000\040\000d\000i\000s\000t\000r\000i\000b\000u\000t\000i\000o\000n\000s\000\040\000u\000s\000u\000e\000l\000l\000e\000s}{chapter.2}% 33
\BOOKMARK [1][-]{section.2.5}{\376\377\000P\000r\000i\000m\000i\000t\000i\000v\000e\000\040\000d\000'\000o\000r\000d\000r\000e\000\040\000n\000\040\000d\000e\000\040\000d\000e\000l\000t\000a}{chapter.2}% 34
\BOOKMARK [1][-]{section.2.6}{\376\377\000S\000t\000r\000u\000c\000t\000u\000r\000e\000\040\000d\000e\000s\000\040\000p\000r\000i\000m\000i\000t\000i\000v\000e\000s\000\040\000d\000a\000n\000s\000\040\000D\000'\000\050\000R\000\051}{chapter.2}% 35
\BOOKMARK [1][-]{section.2.7}{\376\377\000L\000i\000e\000n\000\040\000a\000v\000e\000c\000\040\000l\000e\000s\000\040\000i\000n\000t\000\351\000g\000r\000a\000l\000e\000s\000\040\000\340\000\040\000p\000a\000r\000a\000m\000\350\000t\000r\000e}{chapter.2}% 36
\BOOKMARK [1][-]{section.2.8}{\376\377\000P\000r\000i\000m\000i\000t\000i\000v\000e\000s\000\040\000e\000t\000\040\000\351\000q\000u\000a\000t\000i\000o\000n\000\040\000T\000'\000=\000S}{chapter.2}% 37
\BOOKMARK [1][-]{section.2.9}{\376\377\000Q\000C\000M\000\040\040\024\000\040\000P\000r\000i\000m\000i\000t\000i\000v\000e\000s\000\040\000d\000e\000s\000\040\000d\000i\000s\000t\000r\000i\000b\000u\000t\000i\000o\000n\000s}{chapter.2}% 38
\BOOKMARK [1][-]{section.2.10}{\376\377\000E\000x\000e\000r\000c\000i\000c\000e\000s\000\040\000c\000o\000r\000r\000i\000g\000\351\000s\000\040\040\024\000\040\000P\000r\000i\000m\000i\000t\000i\000v\000e\000s}{chapter.2}% 39
